<?xml version="1.0" encoding="UTF-8"?>
<testsuite xmlns:xsi="http://www.w3.org/2001/XMLSchema-instance" xsi:noNamespaceSchemaLocation="https://maven.apache.org/surefire/maven-surefire-plugin/xsd/surefire-test-report.xsd" name="io.leaderli.mybatis.demo.CityMapperTest" time="0.195" tests="1" errors="1" skipped="0" failures="0">
  <properties>
[...]
</properties>
  <testcase name="test" classname="io.leaderli.mybatis.demo.CityMapperTest" time="0.188">
    <error message="&#10;### Error building SqlSession.&#10;### The error may exist in io/leaderli/mybatis/demo/CityMapper.xml&#10;### Cause: org.apache.ibatis.builder.BuilderException: Error parsing SQL Mapper Configuration. Cause: java.io.IOException: Could not find resource io/leaderli/mybatis/demo/CityMapper.xml" type="org.apache.ibatis.exceptions.PersistenceException">org.apache.ibatis.exceptions.PersistenceException: 

### Error building SqlSession.
### The error may exist in io/leaderli/mybatis/demo/CityMapper.xml
### Cause: org.apache.ibatis.builder.BuilderException: Error parsing SQL Mapper Configuration. Cause: java.io.IOException: Could not find resource io/leaderli/mybatis/demo/CityMapper.xml
	at io.leaderli.mybatis.demo.CityMapperTest.test(CityMapperTest.java:20)
Caused by: org.apache.ibatis.builder.BuilderException: Error parsing SQL Mapper Configuration. Cause: java.io.IOException: Could not find resource io/leaderli/mybatis/demo/CityMapper.xml
	at io.leaderli.mybatis.demo.CityMapperTest.test(CityMapperTest.java:20)
Caused by: java.io.IOException: Could not find resource io/leaderli/mybatis/demo/CityMapper.xml
	at io.leaderli.mybatis.demo.CityMapperTest.test(CityMapperTest.java:20)
</error>
  </testcase>
</testsuite>